<?xml version="1.0" encoding="UTF-8"?>
<coverage generated="1600781348">
  <project timestamp="1600781348">
    <package name="Shieldon\SimpleCache">
      <file name="/data/simple-cache/src/SimpleCache/AssertTrait.php">
        <class name="AssertTrait" namespace="Shieldon\SimpleCache">
          <metrics complexity="14" methods="5" coveredmethods="0" conditionals="0" coveredconditionals="0" statements="34" coveredstatements="14" elements="39" coveredelements="14"/>
        </class>
        <line num="34" type="method" name="assertArgumentString" visibility="protected" complexity="2" crap="3.19" count="14"/>
        <line num="36" type="stmt" count="14"/>
        <line num="37" type="stmt" count="0"/>
        <line num="38" type="stmt" count="0"/>
        <line num="39" type="stmt" count="0"/>
        <line num="40" type="stmt" count="0"/>
        <line num="44" type="stmt" count="14"/>
        <line num="55" type="method" name="assertArgumentIterable" visibility="protected" complexity="2" crap="3.19" count="4"/>
        <line num="57" type="stmt" count="4"/>
        <line num="58" type="stmt" count="0"/>
        <line num="59" type="stmt" count="0"/>
        <line num="60" type="stmt" count="0"/>
        <line num="61" type="stmt" count="0"/>
        <line num="65" type="stmt" count="4"/>
        <line num="76" type="method" name="assertValidTypeOfTtl" visibility="protected" complexity="4" crap="6.00" count="14"/>
        <line num="79" type="stmt" count="14"/>
        <line num="80" type="stmt" count="14"/>
        <line num="81" type="stmt" count="14"/>
        <line num="83" type="stmt" count="0"/>
        <line num="84" type="stmt" count="0"/>
        <line num="85" type="stmt" count="0"/>
        <line num="86" type="stmt" count="0"/>
        <line num="90" type="stmt" count="14"/>
        <line num="101" type="method" name="assertDirectoryWritable" visibility="protected" complexity="3" crap="4.68" count="9"/>
        <line num="103" type="stmt" count="9"/>
        <line num="104" type="stmt" count="0"/>
        <line num="105" type="stmt" count="0"/>
        <line num="109" type="stmt" count="9"/>
        <line num="110" type="stmt" count="0"/>
        <line num="111" type="stmt" count="0"/>
        <line num="114" type="stmt" count="9"/>
        <line num="125" type="method" name="assertSettingFields" visibility="protected" complexity="3" crap="4.68" count="4"/>
        <line num="127" type="stmt" count="4"/>
        <line num="128" type="stmt" count="4"/>
        <line num="129" type="stmt" count="0"/>
        <line num="130" type="stmt" count="0"/>
        <line num="131" type="stmt" count="0"/>
        <line num="132" type="stmt" count="0"/>
        <line num="137" type="stmt" count="4"/>
        <metrics loc="137" ncloc="81" classes="1" methods="5" coveredmethods="0" conditionals="0" coveredconditionals="0" statements="34" coveredstatements="14" elements="39" coveredelements="14"/>
      </file>
      <file name="/data/simple-cache/src/SimpleCache/Cache.php">
        <class name="Shieldon\SimpleCache\Cache" namespace="Shieldon\SimpleCache">
          <metrics complexity="13" methods="9" coveredmethods="0" conditionals="0" coveredconditionals="0" statements="19" coveredstatements="8" elements="28" coveredelements="8"/>
        </class>
        <line num="38" type="method" name="__construct" visibility="public" complexity="5" crap="5.51" count="1"/>
        <line num="40" type="stmt" count="1"/>
        <line num="41" type="stmt" count="0"/>
        <line num="43" type="stmt" count="1"/>
        <line num="44" type="stmt" count="1"/>
        <line num="46" type="stmt" count="1"/>
        <line num="47" type="stmt" count="1"/>
        <line num="49" type="stmt" count="1"/>
        <line num="53" type="stmt" count="1"/>
        <line num="54" type="stmt" count="0"/>
        <line num="55" type="stmt" count="0"/>
        <line num="58" type="stmt" count="1"/>
        <line num="63" type="method" name="get" visibility="public" complexity="1" crap="2.00" count="0"/>
        <line num="65" type="stmt" count="0"/>
        <line num="71" type="method" name="set" visibility="public" complexity="1" crap="2.00" count="0"/>
        <line num="73" type="stmt" count="0"/>
        <line num="79" type="method" name="delete" visibility="public" complexity="1" crap="2.00" count="0"/>
        <line num="81" type="stmt" count="0"/>
        <line num="87" type="method" name="clear" visibility="public" complexity="1" crap="2.00" count="0"/>
        <line num="89" type="stmt" count="0"/>
        <line num="95" type="method" name="has" visibility="public" complexity="1" crap="2.00" count="0"/>
        <line num="97" type="stmt" count="0"/>
        <line num="103" type="method" name="getMultiple" visibility="public" complexity="1" crap="2.00" count="0"/>
        <line num="105" type="stmt" count="0"/>
        <line num="111" type="method" name="setMultiple" visibility="public" complexity="1" crap="2.00" count="0"/>
        <line num="113" type="stmt" count="0"/>
        <line num="119" type="method" name="deleteMultiple" visibility="public" complexity="1" crap="2.00" count="0"/>
        <line num="121" type="stmt" count="0"/>
        <metrics loc="122" ncloc="74" classes="1" methods="9" coveredmethods="0" conditionals="0" coveredconditionals="0" statements="19" coveredstatements="8" elements="28" coveredelements="8"/>
      </file>
      <file name="/data/simple-cache/src/SimpleCache/CacheProvider.php">
        <class name="Shieldon\SimpleCache\CacheProvider" namespace="Shieldon\SimpleCache">
          <metrics complexity="27" methods="9" coveredmethods="6" conditionals="0" coveredconditionals="0" statements="45" coveredstatements="37" elements="54" coveredelements="43"/>
        </class>
        <line num="29" type="method" name="get" visibility="public" complexity="3" crap="3" count="14"/>
        <line num="31" type="stmt" count="14"/>
        <line num="33" type="stmt" count="14"/>
        <line num="34" type="stmt" count="14"/>
        <line num="35" type="stmt" count="3"/>
        <line num="36" type="stmt" count="3"/>
        <line num="39" type="stmt" count="14"/>
        <line num="42" type="stmt" count="14"/>
        <line num="48" type="method" name="set" visibility="public" complexity="1" crap="1" count="14"/>
        <line num="50" type="stmt" count="14"/>
        <line num="51" type="stmt" count="14"/>
        <line num="53" type="stmt" count="14"/>
        <line num="55" type="stmt" count="14"/>
        <line num="61" type="method" name="delete" visibility="public" complexity="1" crap="1" count="8"/>
        <line num="63" type="stmt" count="8"/>
        <line num="65" type="stmt" count="8"/>
        <line num="71" type="method" name="clear" visibility="public" complexity="1" crap="1" count="5"/>
        <line num="73" type="stmt" count="5"/>
        <line num="79" type="method" name="has" visibility="public" complexity="2" crap="2" count="9"/>
        <line num="81" type="stmt" count="9"/>
        <line num="83" type="stmt" count="9"/>
        <line num="84" type="stmt" count="9"/>
        <line num="87" type="stmt" count="9"/>
        <line num="93" type="method" name="getMultiple" visibility="public" complexity="2" crap="2" count="4"/>
        <line num="95" type="stmt" count="4"/>
        <line num="97" type="stmt" count="4"/>
        <line num="99" type="stmt" count="4"/>
        <line num="100" type="stmt" count="4"/>
        <line num="103" type="stmt" count="4"/>
        <line num="109" type="method" name="setMultiple" visibility="public" complexity="3" crap="3.07" count="4"/>
        <line num="111" type="stmt" count="4"/>
        <line num="113" type="stmt" count="4"/>
        <line num="114" type="stmt" count="4"/>
        <line num="115" type="stmt" count="0"/>
        <line num="119" type="stmt" count="4"/>
        <line num="125" type="method" name="deleteMultiple" visibility="public" complexity="3" crap="3.07" count="4"/>
        <line num="127" type="stmt" count="4"/>
        <line num="129" type="stmt" count="4"/>
        <line num="130" type="stmt" count="4"/>
        <line num="131" type="stmt" count="0"/>
        <line num="135" type="stmt" count="4"/>
        <line num="146" type="method" name="isExpired" visibility="protected" complexity="6" crap="10.50" count="14"/>
        <line num="148" type="stmt" count="14"/>
        <line num="150" type="stmt" count="14"/>
        <line num="151" type="stmt" count="0"/>
        <line num="153" type="stmt" count="14"/>
        <line num="154" type="stmt" count="14"/>
        <line num="156" type="stmt" count="3"/>
        <line num="157" type="stmt" count="0"/>
        <line num="158" type="stmt" count="0"/>
        <line num="159" type="stmt" count="0"/>
        <line num="161" type="stmt" count="0"/>
        <line num="162" type="stmt" count="0"/>
        <line num="166" type="stmt" count="3"/>
        <metrics loc="224" ncloc="134" classes="1" methods="9" coveredmethods="6" conditionals="0" coveredconditionals="0" statements="45" coveredstatements="37" elements="54" coveredelements="43"/>
      </file>
      <file name="/data/simple-cache/src/SimpleCache/CacheWarmingTrait.php">
        <class name="CacheWarmingTrait" namespace="Shieldon\SimpleCache">
          <metrics complexity="0" methods="0" coveredmethods="0" conditionals="0" coveredconditionals="0" statements="0" coveredstatements="0" elements="0" coveredelements="0"/>
        </class>
        <metrics loc="34" ncloc="9" classes="0" methods="0" coveredmethods="0" conditionals="0" coveredconditionals="0" statements="0" coveredstatements="0" elements="0" coveredelements="0"/>
      </file>
    </package>
    <package name="Shieldon\SimpleCache\Driver">
      <file name="/data/simple-cache/src/SimpleCache/Driver/File.php">
        <class name="Shieldon\SimpleCache\Driver\File" namespace="Shieldon\SimpleCache\Driver">
          <metrics complexity="14" methods="7" coveredmethods="6" conditionals="0" coveredconditionals="0" statements="26" coveredstatements="25" elements="33" coveredelements="31"/>
        </class>
        <line num="48" type="method" name="__construct" visibility="public" complexity="2" crap="2" count="5"/>
        <line num="50" type="stmt" count="5"/>
        <line num="51" type="stmt" count="5"/>
        <line num="54" type="stmt" count="5"/>
        <line num="55" type="stmt" count="5"/>
        <line num="64" type="method" name="doGet" visibility="protected" complexity="2" crap="2" count="3"/>
        <line num="66" type="stmt" count="3"/>
        <line num="68" type="stmt" count="3"/>
        <line num="69" type="stmt" count="2"/>
        <line num="72" type="stmt" count="3"/>
        <line num="74" type="stmt" count="3"/>
        <line num="87" type="method" name="doSet" visibility="protected" complexity="2" crap="2.01" count="3"/>
        <line num="90" type="stmt" count="3"/>
        <line num="91" type="stmt" count="3"/>
        <line num="92" type="stmt" count="3"/>
        <line num="95" type="stmt" count="3"/>
        <line num="97" type="stmt" count="3"/>
        <line num="98" type="stmt" count="3"/>
        <line num="99" type="stmt" count="3"/>
        <line num="102" type="stmt" count="0"/>
        <line num="112" type="method" name="doDelete" visibility="protected" complexity="2" crap="2" count="2"/>
        <line num="114" type="stmt" count="2"/>
        <line num="116" type="stmt" count="2"/>
        <line num="124" type="method" name="doClear" visibility="protected" complexity="4" crap="4" count="1"/>
        <line num="126" type="stmt" count="1"/>
        <line num="128" type="stmt" count="1"/>
        <line num="129" type="stmt" count="1"/>
        <line num="130" type="stmt" count="1"/>
        <line num="134" type="stmt" count="1"/>
        <line num="144" type="method" name="doHas" visibility="protected" complexity="1" crap="1" count="2"/>
        <line num="146" type="stmt" count="2"/>
        <line num="156" type="method" name="getFilePath" visibility="private" complexity="1" crap="1" count="3"/>
        <line num="158" type="stmt" count="3"/>
        <metrics loc="159" ncloc="92" classes="1" methods="7" coveredmethods="6" conditionals="0" coveredconditionals="0" statements="26" coveredstatements="25" elements="33" coveredelements="31"/>
      </file>
      <file name="/data/simple-cache/src/SimpleCache/Driver/Mock.php">
        <class name="Shieldon\SimpleCache\Driver\Mock" namespace="Shieldon\SimpleCache\Driver">
          <metrics complexity="6" methods="5" coveredmethods="5" conditionals="0" coveredconditionals="0" statements="13" coveredstatements="13" elements="18" coveredelements="18"/>
        </class>
        <line num="32" type="method" name="doGet" visibility="protected" complexity="2" crap="2" count="2"/>
        <line num="34" type="stmt" count="2"/>
        <line num="35" type="stmt" count="2"/>
        <line num="38" type="stmt" count="1"/>
        <line num="51" type="method" name="doSet" visibility="protected" complexity="1" crap="1" count="2"/>
        <line num="53" type="stmt" count="2"/>
        <line num="54" type="stmt" count="2"/>
        <line num="55" type="stmt" count="2"/>
        <line num="56" type="stmt" count="2"/>
        <line num="59" type="stmt" count="2"/>
        <line num="69" type="method" name="doDelete" visibility="protected" complexity="1" crap="1" count="1"/>
        <line num="71" type="stmt" count="1"/>
        <line num="73" type="stmt" count="1"/>
        <line num="81" type="method" name="doClear" visibility="protected" complexity="1" crap="1" count="1"/>
        <line num="83" type="stmt" count="1"/>
        <line num="85" type="stmt" count="1"/>
        <line num="95" type="method" name="doHas" visibility="protected" complexity="1" crap="1" count="2"/>
        <line num="97" type="stmt" count="2"/>
        <metrics loc="98" ncloc="51" classes="1" methods="5" coveredmethods="5" conditionals="0" coveredconditionals="0" statements="13" coveredstatements="13" elements="18" coveredelements="18"/>
      </file>
      <file name="/data/simple-cache/src/SimpleCache/Driver/Mysql.php">
        <class name="Shieldon\SimpleCache\Driver\Mysql" namespace="Shieldon\SimpleCache\Driver">
          <metrics complexity="6" methods="3" coveredmethods="3" conditionals="0" coveredconditionals="0" statements="18" coveredstatements="18" elements="21" coveredelements="21"/>
        </class>
        <line num="35" type="method" name="__construct" visibility="public" complexity="3" crap="3" count="4"/>
        <line num="38" type="stmt" count="4"/>
        <line num="46" type="stmt" count="4"/>
        <line num="47" type="stmt" count="4"/>
        <line num="48" type="stmt" count="4"/>
        <line num="52" type="stmt" count="4"/>
        <line num="53" type="stmt" count="4"/>
        <line num="54" type="stmt" count="4"/>
        <line num="65" type="method" name="connect" visibility="protected" complexity="1" crap="1" count="4"/>
        <line num="68" type="stmt" count="4"/>
        <line num="69" type="stmt" count="4"/>
        <line num="70" type="stmt" count="4"/>
        <line num="71" type="stmt" count="4"/>
        <line num="73" type="stmt" count="4"/>
        <line num="74" type="stmt" count="4"/>
        <line num="76" type="stmt" count="4"/>
        <line num="77" type="stmt" count="4"/>
        <line num="82" type="method" name="rebuild" visibility="public" complexity="2" crap="2" count="1"/>
        <line num="85" type="stmt" count="1"/>
        <line num="91" type="stmt" count="1"/>
        <line num="102" type="stmt" count="1"/>
        <metrics loc="103" ncloc="69" classes="1" methods="3" coveredmethods="3" conditionals="0" coveredconditionals="0" statements="18" coveredstatements="18" elements="21" coveredelements="21"/>
      </file>
      <file name="/data/simple-cache/src/SimpleCache/Driver/Redis.php">
        <class name="Shieldon\SimpleCache\Driver\Redis" namespace="Shieldon\SimpleCache\Driver">
          <metrics complexity="18" methods="8" coveredmethods="6" conditionals="0" coveredconditionals="0" statements="39" coveredstatements="32" elements="47" coveredelements="38"/>
        </class>
        <line num="44" type="method" name="__construct" visibility="public" complexity="3" crap="3.04" count="4"/>
        <line num="47" type="stmt" count="4"/>
        <line num="53" type="stmt" count="4"/>
        <line num="54" type="stmt" count="4"/>
        <line num="55" type="stmt" count="0"/>
        <line num="59" type="stmt" count="4"/>
        <line num="60" type="stmt" count="4"/>
        <line num="71" type="method" name="connect" visibility="protected" complexity="5" crap="8.12" count="4"/>
        <line num="73" type="stmt" count="4"/>
        <line num="75" type="stmt" count="4"/>
        <line num="76" type="stmt" count="4"/>
        <line num="78" type="stmt" count="4"/>
        <line num="79" type="stmt" count="0"/>
        <line num="80" type="stmt" count="0"/>
        <line num="81" type="stmt" count="4"/>
        <line num="85" type="stmt" count="0"/>
        <line num="86" type="stmt" count="0"/>
        <line num="88" type="stmt" count="4"/>
        <line num="91" type="stmt" count="0"/>
        <line num="92" type="stmt" count="0"/>
        <line num="103" type="method" name="doGet" visibility="protected" complexity="2" crap="2" count="3"/>
        <line num="105" type="stmt" count="3"/>
        <line num="107" type="stmt" count="3"/>
        <line num="108" type="stmt" count="3"/>
        <line num="110" type="stmt" count="3"/>
        <line num="112" type="stmt" count="3"/>
        <line num="125" type="method" name="doSet" visibility="protected" complexity="1" crap="1" count="3"/>
        <line num="128" type="stmt" count="3"/>
        <line num="129" type="stmt" count="3"/>
        <line num="130" type="stmt" count="3"/>
        <line num="133" type="stmt" count="3"/>
        <line num="134" type="stmt" count="3"/>
        <line num="135" type="stmt" count="3"/>
        <line num="136" type="stmt" count="3"/>
        <line num="139" type="stmt" count="3"/>
        <line num="149" type="method" name="doDelete" visibility="protected" complexity="1" crap="1" count="1"/>
        <line num="151" type="stmt" count="1"/>
        <line num="159" type="method" name="doClear" visibility="protected" complexity="3" crap="3" count="1"/>
        <line num="161" type="stmt" count="1"/>
        <line num="163" type="stmt" count="1"/>
        <line num="164" type="stmt" count="1"/>
        <line num="165" type="stmt" count="1"/>
        <line num="169" type="stmt" count="1"/>
        <line num="179" type="method" name="doHas" visibility="protected" complexity="2" crap="2" count="2"/>
        <line num="181" type="stmt" count="2"/>
        <line num="201" type="method" name="getKeyName" visibility="private" complexity="1" crap="1" count="3"/>
        <line num="203" type="stmt" count="3"/>
        <metrics loc="206" ncloc="125" classes="1" methods="8" coveredmethods="6" conditionals="0" coveredconditionals="0" statements="39" coveredstatements="32" elements="47" coveredelements="38"/>
      </file>
      <file name="/data/simple-cache/src/SimpleCache/Driver/SqlTrait.php">
        <class name="SqlTrait" namespace="Shieldon\SimpleCache\Driver">
          <metrics complexity="8" methods="5" coveredmethods="4" conditionals="0" coveredconditionals="0" statements="34" coveredstatements="33" elements="39" coveredelements="37"/>
        </class>
        <line num="52" type="method" name="doGet" visibility="protected" complexity="2" crap="2" count="6"/>
        <line num="54" type="stmt" count="6"/>
        <line num="57" type="stmt" count="6"/>
        <line num="58" type="stmt" count="6"/>
        <line num="59" type="stmt" count="6"/>
        <line num="60" type="stmt" count="6"/>
        <line num="62" type="stmt" count="6"/>
        <line num="63" type="stmt" count="6"/>
        <line num="66" type="stmt" count="6"/>
        <line num="68" type="stmt" count="6"/>
        <line num="81" type="method" name="doSet" visibility="protected" complexity="2" crap="2.00" count="6"/>
        <line num="83" type="stmt" count="6"/>
        <line num="85" type="stmt" count="6"/>
        <line num="86" type="stmt" count="0"/>
        <line num="90" type="stmt" count="6"/>
        <line num="94" type="stmt" count="6"/>
        <line num="97" type="stmt" count="6"/>
        <line num="98" type="stmt" count="6"/>
        <line num="99" type="stmt" count="6"/>
        <line num="100" type="stmt" count="6"/>
        <line num="101" type="stmt" count="6"/>
        <line num="105" type="stmt" count="6"/>
        <line num="115" type="method" name="doDelete" visibility="protected" complexity="1" crap="1" count="4"/>
        <line num="117" type="stmt" count="4"/>
        <line num="120" type="stmt" count="4"/>
        <line num="121" type="stmt" count="4"/>
        <line num="123" type="stmt" count="4"/>
        <line num="131" type="method" name="doClear" visibility="protected" complexity="1" crap="1" count="1"/>
        <line num="133" type="stmt" count="1"/>
        <line num="135" type="stmt" count="1"/>
        <line num="136" type="stmt" count="1"/>
        <line num="138" type="stmt" count="1"/>
        <line num="148" type="method" name="doHas" visibility="protected" complexity="1" crap="1" count="4"/>
        <line num="150" type="stmt" count="4"/>
        <line num="153" type="stmt" count="4"/>
        <line num="154" type="stmt" count="4"/>
        <line num="155" type="stmt" count="4"/>
        <line num="156" type="stmt" count="4"/>
        <line num="158" type="stmt" count="4"/>
        <metrics loc="159" ncloc="97" classes="1" methods="5" coveredmethods="4" conditionals="0" coveredconditionals="0" statements="34" coveredstatements="33" elements="39" coveredelements="37"/>
      </file>
      <file name="/data/simple-cache/src/SimpleCache/Driver/Sqlite.php">
        <class name="Shieldon\SimpleCache\Driver\Sqlite" namespace="Shieldon\SimpleCache\Driver">
          <metrics complexity="5" methods="3" coveredmethods="3" conditionals="0" coveredconditionals="0" statements="12" coveredstatements="12" elements="15" coveredelements="15"/>
        </class>
        <line num="42" type="method" name="__construct" visibility="public" complexity="2" crap="2" count="4"/>
        <line num="44" type="stmt" count="4"/>
        <line num="45" type="stmt" count="4"/>
        <line num="48" type="stmt" count="4"/>
        <line num="50" type="stmt" count="4"/>
        <line num="51" type="stmt" count="4"/>
        <line num="58" type="method" name="doClear" visibility="protected" complexity="1" crap="1" count="1"/>
        <line num="60" type="stmt" count="1"/>
        <line num="62" type="stmt" count="1"/>
        <line num="63" type="stmt" count="1"/>
        <line num="65" type="stmt" count="1"/>
        <line num="71" type="method" name="rebuild" visibility="public" complexity="2" crap="2" count="1"/>
        <line num="75" type="stmt" count="1"/>
        <line num="80" type="stmt" count="1"/>
        <line num="91" type="stmt" count="1"/>
        <metrics loc="92" ncloc="56" classes="1" methods="3" coveredmethods="3" conditionals="0" coveredconditionals="0" statements="12" coveredstatements="12" elements="15" coveredelements="15"/>
      </file>
    </package>
    <package name="Shieldon\SimpleCache\Exception">
      <file name="/data/simple-cache/src/SimpleCache/Exception/CacheArgumentException.php">
        <class name="Shieldon\SimpleCache\Exception\CacheArgumentException" namespace="Shieldon\SimpleCache\Exception">
          <metrics complexity="0" methods="0" coveredmethods="0" conditionals="0" coveredconditionals="0" statements="0" coveredstatements="0" elements="0" coveredelements="0"/>
        </class>
        <metrics loc="21" ncloc="13" classes="0" methods="0" coveredmethods="0" conditionals="0" coveredconditionals="0" statements="0" coveredstatements="0" elements="0" coveredelements="0"/>
      </file>
      <file name="/data/simple-cache/src/SimpleCache/Exception/CacheException.php">
        <class name="Shieldon\SimpleCache\Exception\CacheException" namespace="Shieldon\SimpleCache\Exception">
          <metrics complexity="0" methods="0" coveredmethods="0" conditionals="0" coveredconditionals="0" statements="0" coveredstatements="0" elements="0" coveredelements="0"/>
        </class>
        <metrics loc="21" ncloc="13" classes="0" methods="0" coveredmethods="0" conditionals="0" coveredconditionals="0" statements="0" coveredstatements="0" elements="0" coveredelements="0"/>
      </file>
    </package>
    <metrics files="12" loc="1376" ncloc="814" classes="9" methods="54" coveredmethods="33" conditionals="0" coveredconditionals="0" statements="240" coveredstatements="192" elements="294" coveredelements="225"/>
  </project>
</coverage>
